#
# There is insufficient memory for the Java Runtime Environment to continue.
# Native memory allocation (malloc) failed to allocate 262160 bytes for Chunk::new
# Possible reasons:
#   The system is out of physical RAM or swap space
#   In 32 bit mode, the process size limit was hit
# Possible solutions:
#   Reduce memory load on the system
#   Increase physical memory or swap space
#   Check if swap backing store is full
#   Use 64 bit Java on a 64 bit OS
#   Decrease Java heap size (-Xmx/-Xms)
#   Decrease number of Java threads
#   Decrease Java thread stack sizes (-Xss)
#   Set larger code cache with -XX:ReservedCodeCacheSize=
# This output file may be truncated or incomplete.
#
#  Out of Memory Error (allocation.cpp:390), pid=11436, tid=10064
#
# JRE version: Java(TM) SE Runtime Environment (8.0_65-b17) (build 1.8.0_65-b17)
# Java VM: Java HotSpot(TM) 64-Bit Server VM (25.65-b01 mixed mode windows-amd64 compressed oops)
# Failed to write core dump. Minidumps are not enabled by default on client versions of Windows
#

---------------  T H R E A D  ---------------

Current thread (0x0000000007b58000):  JavaThread "C2 CompilerThread1" daemon [_thread_in_native, id=10064, stack(0x0000000007fc0000,0x00000000080c0000)]

Stack: [0x0000000007fc0000,0x00000000080c0000]
[error occurred during error reporting (printing stack bounds), id 0xc0000005]

Native frames: (J=compiled Java code, j=interpreted, Vv=VM code, C=native code)


Current CompileTask:
C2:   7187  972   !   4       com.android.dx.cf.cst.ConstantPoolParser::parse0 (731 bytes)


---------------  P R O C E S S  ---------------

Java Threads: ( => current thread )
  0x0000000007b5a800 JavaThread "Service Thread" daemon [_thread_blocked, id=11588, stack(0x00000000080e0000,0x00000000081e0000)]
  0x0000000007b59800 JavaThread "C1 CompilerThread2" daemon [_thread_in_native, id=1468, stack(0x00000000076e0000,0x00000000077e0000)]
=>0x0000000007b58000 JavaThread "C2 CompilerThread1" daemon [_thread_in_native, id=10064, stack(0x0000000007fc0000,0x00000000080c0000)]
  0x00000000061d2000 JavaThread "C2 CompilerThread0" daemon [_thread_in_native, id=8088, stack(0x0000000007a00000,0x0000000007b00000)]
  0x00000000061ce800 JavaThread "Attach Listener" daemon [_thread_blocked, id=3188, stack(0x0000000007810000,0x0000000007910000)]
  0x00000000061dd800 JavaThread "Signal Dispatcher" daemon [_thread_blocked, id=7380, stack(0x00000000075e0000,0x00000000076e0000)]
  0x0000000006171800 JavaThread "Finalizer" daemon [_thread_blocked, id=4720, stack(0x0000000007470000,0x0000000007570000)]
  0x0000000006170800 JavaThread "Reference Handler" daemon [_thread_blocked, id=12176, stack(0x0000000007290000,0x0000000007390000)]
  0x000000000014e800 JavaThread "main" [_thread_in_native, id=9692, stack(0x0000000002500000,0x0000000002600000)]

Other Threads:
  0x000000000616b000 VMThread [stack: 0x00000000033e0000,0x00000000034e0000] [id=11372]
  0x0000000007b6d800 WatcherThread [stack: 0x0000000008300000,0x0000000008400000] [id=6116]

VM state:not at safepoint (normal execution)

VM Mutex/Monitor currently owned by a thread: None

Heap:
 PSYoungGen      total 38400K, used 33244K [0x00000000eab00000, 0x00000000ed580000, 0x0000000100000000)
  eden space 33280K, 84% used [0x00000000eab00000,0x00000000ec678090,0x00000000ecb80000)
  from space 5120K, 99% used [0x00000000ecb80000,0x00000000ed07f300,0x00000000ed080000)
  to   space 5120K, 0% used [0x00000000ed080000,0x00000000ed080000,0x00000000ed580000)
 ParOldGen       total 87552K, used 10671K [0x00000000c0000000, 0x00000000c5580000, 0x00000000eab00000)
  object space 87552K, 12% used [0x00000000c0000000,0x00000000c0a6bf20,0x00000000c5580000)
 Metaspace       used 6501K, capacity 7160K, committed 7424K, reserved 1056768K
  class space    used 647K, capacity 688K, committed 768K, reserved 1048576K

Card table byte_map: [0x0000000002c90000,0x0000000002ea0000] byte_map_base: 0x0000000002690000

Marking Bits: (ParMarkBitMap*) 0x0000000051f9a5b0
 Begin Bits: [0x00000000035e0000, 0x00000000045e0000)
 End Bits:   [0x00000000045e0000, 0x00000000055e0000)

Polling page: 0x0000000000130000

CodeCache: size=245760Kb used=3924Kb max_used=3924Kb free=241835Kb
 bounds [0x000000000f010000, 0x000000000f3f0000, 0x000000001e010000]
 total_blobs=1248 nmethods=965 adapters=193
 compilation: enabled

Compilation events (10 events):
Event: 4.978 Thread 0x0000000007b59800 1018       2       com.android.dx.ssa.back.FirstFitLocalCombiningAllocator::findNextUnreservedRopReg (68 bytes)
Event: 4.979 Thread 0x0000000007b59800 nmethod 1018 0x000000000f3cf050 code [0x000000000f3cf1e0, 0x000000000f3cf4c8]
Event: 4.979 Thread 0x0000000007b59800  977       3       com.android.dx.cf.code.ByteCatchList::listFor (120 bytes)
Event: 4.982 Thread 0x0000000007b59800 nmethod 977 0x000000000f3d5450 code [0x000000000f3d56e0, 0x000000000f3d6ba8]
Event: 4.982 Thread 0x0000000007b59800  973       3       com.android.dx.dex.file.Item::<init> (5 bytes)
Event: 4.982 Thread 0x0000000007b59800 nmethod 973 0x000000000f3a4390 code [0x000000000f3a44e0, 0x000000000f3a4690]
Event: 4.985 Thread 0x00000000061d2000 nmethod 982 0x000000000f3daa10 code [0x000000000f3dab60, 0x000000000f3db0b8]
Event: 4.985 Thread 0x00000000061d2000  981       4       com.android.dx.rop.code.RegisterSpec$ForComparison::equals (31 bytes)
Event: 4.999 Thread 0x00000000061d2000 nmethod 981 0x000000000f3d8710 code [0x000000000f3d8880, 0x000000000f3d8df8]
Event: 4.999 Thread 0x00000000061d2000 1010       4       com.android.dx.ssa.back.LivenessAnalyzer::liveOutAtStatement (61 bytes)

GC Heap History (4 events):
Event: 2.443 GC heap before
{Heap before GC invocations=1 (full 0):
 PSYoungGen      total 38400K, used 33280K [0x00000000eab00000, 0x00000000ed580000, 0x0000000100000000)
  eden space 33280K, 100% used [0x00000000eab00000,0x00000000ecb80000,0x00000000ecb80000)
  from space 5120K, 0% used [0x00000000ed080000,0x00000000ed080000,0x00000000ed580000)
  to   space 5120K, 0% used [0x00000000ecb80000,0x00000000ecb80000,0x00000000ed080000)
 ParOldGen       total 87552K, used 0K [0x00000000c0000000, 0x00000000c5580000, 0x00000000eab00000)
  object space 87552K, 0% used [0x00000000c0000000,0x00000000c0000000,0x00000000c5580000)
 Metaspace       used 6194K, capacity 6872K, committed 7168K, reserved 1056768K
  class space    used 626K, capacity 656K, committed 768K, reserved 1048576K
Event: 2.451 GC heap after
Heap after GC invocations=1 (full 0):
 PSYoungGen      total 38400K, used 5117K [0x00000000eab00000, 0x00000000ed580000, 0x0000000100000000)
  eden space 33280K, 0% used [0x00000000eab00000,0x00000000eab00000,0x00000000ecb80000)
  from space 5120K, 99% used [0x00000000ecb80000,0x00000000ed07f480,0x00000000ed080000)
  to   space 5120K, 0% used [0x00000000ed080000,0x00000000ed080000,0x00000000ed580000)
 ParOldGen       total 87552K, used 1314K [0x00000000c0000000, 0x00000000c5580000, 0x00000000eab00000)
  object space 87552K, 1% used [0x00000000c0000000,0x00000000c0148970,0x00000000c5580000)
 Metaspace       used 6194K, capacity 6872K, committed 7168K, reserved 1056768K
  class space    used 626K, capacity 656K, committed 768K, reserved 1048576K
}
Event: 2.655 GC heap before
{Heap before GC invocations=2 (full 0):
 PSYoungGen      total 38400K, used 38397K [0x00000000eab00000, 0x00000000ed580000, 0x0000000100000000)
  eden space 33280K, 100% used [0x00000000eab00000,0x00000000ecb80000,0x00000000ecb80000)
  from space 5120K, 99% used [0x00000000ecb80000,0x00000000ed07f480,0x00000000ed080000)
  to   space 5120K, 0% used [0x00000000ed080000,0x00000000ed080000,0x00000000ed580000)
 ParOldGen       total 87552K, used 1314K [0x00000000c0000000, 0x00000000c5580000, 0x00000000eab00000)
  object space 87552K, 1% used [0x00000000c0000000,0x00000000c0148970,0x00000000c5580000)
 Metaspace       used 6369K, capacity 7064K, committed 7424K, reserved 1056768K
  class space    used 628K, capacity 656K, committed 768K, reserved 1048576K
Event: 2.670 GC heap after
Heap after GC invocations=2 (full 0):
 PSYoungGen      total 38400K, used 5105K [0x00000000eab00000, 0x00000000ed580000, 0x0000000100000000)
  eden space 33280K, 0% used [0x00000000eab00000,0x00000000eab00000,0x00000000ecb80000)
  from space 5120K, 99% used [0x00000000ed080000,0x00000000ed57c4b8,0x00000000ed580000)
  to   space 5120K, 0% used [0x00000000ecb80000,0x00000000ecb80000,0x00000000ed080000)
 ParOldGen       total 87552K, used 5821K [0x00000000c0000000, 0x00000000c5580000, 0x00000000eab00000)
  object space 87552K, 6% used [0x00000000c0000000,0x00000000c05af570,0x00000000c5580000)
 Metaspace       used 6369K, capacity 7064K, committed 7424K, reserved 1056768K
  class space    used 628K, capacity 656K, committed 768K, reserved 1048576K
}

Deoptimization events (10 events):
Event: 2.274 Thread 0x0000000007d75800 Uncommon trap: reason=unstable_if action=reinterpret pc=0x000000000f2660a4 method=java.util.BitSet.ensureCapacity(I)V @ 6
Event: 2.292 Thread 0x0000000007df7800 Uncommon trap: reason=unstable_if action=reinterpret pc=0x000000000f37f0f0 method=com.android.dx.ssa.SsaRenamer$BlockRenamer.addMapping(ILcom/android/dx/rop/code/RegisterSpec;)V @ 120
Event: 2.349 Thread 0x0000000007d75800 Uncommon trap: reason=unstable_if action=reinterpret pc=0x000000000f3247f0 method=com.android.dx.rop.code.RegisterSpec.equals(ILcom/android/dx/rop/type/TypeBearer;Lcom/android/dx/rop/code/LocalItem;)Z @ 16
Event: 2.411 Thread 0x0000000007dad000 Uncommon trap: reason=unstable_if action=reinterpret pc=0x000000000f35dc00 method=com.android.dx.rop.code.RegisterSpec.equals(ILcom/android/dx/rop/type/TypeBearer;Lcom/android/dx/rop/code/LocalItem;)Z @ 16
Event: 2.473 Thread 0x0000000007df7800 Uncommon trap: reason=unstable_if action=reinterpret pc=0x000000000f31c404 method=com.android.dx.rop.cst.Constant.compareTo(Lcom/android/dx/rop/cst/Constant;)I @ 12
Event: 2.479 Thread 0x0000000007de6000 Uncommon trap: reason=unstable_if action=reinterpret pc=0x000000000f25bce4 method=com.android.dx.rop.code.RegisterSpec.equals(ILcom/android/dx/rop/type/TypeBearer;Lcom/android/dx/rop/code/LocalItem;)Z @ 16
Event: 2.479 Thread 0x0000000007de6000 Uncommon trap: reason=unstable_if action=reinterpret pc=0x000000000f260618 method=com.android.dx.rop.code.RegisterSpec.equals(ILcom/android/dx/rop/type/TypeBearer;Lcom/android/dx/rop/code/LocalItem;)Z @ 16
Event: 2.512 Thread 0x0000000007d75800 Uncommon trap: reason=unstable_if action=reinterpret pc=0x000000000f34f05c method=com.android.dx.rop.code.RegisterSpecSet.put(Lcom/android/dx/rop/code/RegisterSpec;)V @ 77
Event: 2.512 Thread 0x0000000007d75800 Uncommon trap: reason=unstable_if action=reinterpret pc=0x000000000f381b8c method=com.android.dx.rop.code.RegisterSpecSet.put(Lcom/android/dx/rop/code/RegisterSpec;)V @ 77
Event: 2.688 Thread 0x0000000007df7800 Uncommon trap: reason=null_check action=make_not_entrant pc=0x000000000f31345c method=com.android.dx.ssa.SsaRenamer.getLocalForNewReg(I)Lcom/android/dx/rop/code/LocalItem; @ 19

Internal exceptions (3 events):
Event: 0.140 Thread 0x000000000014e800 Exception <a 'java/lang/NoSuchMethodError': Method sun.misc.Unsafe.defineClass(Ljava/lang/String;[BII)Ljava/lang/Class; name or signature does not match> (0x00000000eab130a8) thrown at [C:\workspace\8-2-build-windows-amd64-cygwin\jdk8u65\4987\hotspot\src\s¤=ÏŸ3êÁ?
Event: 0.140 Thread 0x000000000014e800 Exception <a 'java/lang/NoSuchMethodError': Method sun.misc.Unsafe.prefetchRead(Ljava/lang/Object;J)V name or signature does not match> (0x00000000eab13390) thrown at [C:\workspace\8-2-build-windows-amd64-cygwin\jdk8u65\4987\hotspot\src\share\vm\prims\jni.v}W‰Š€@
Event: 2.688 Thread 0x0000000007df7800 Implicit null exception at 0x000000000f311b26 to 0x000000000f313411

Events (10 events):
Event: 2.653 Executing VM operation: ParallelGCFailedAllocation
Event: 2.670 Executing VM operation: ParallelGCFailedAllocation done
Event: 2.688 Thread 0x0000000007df7800 Uncommon trap: trap_request=0xfffffff4 fr.pc=0x000000000f31345c
Event: 2.688 Thread 0x0000000007df7800 DEOPT PACKING pc=0x000000000f31345c sp=0x0000000008a7e6c0
Event: 2.688 Thread 0x0000000007df7800 DEOPT UNPACKING pc=0x000000000f05582a sp=0x0000000008a7e518 mode 2
Event: 3.891 Thread 0x0000000007b59800 flushing nmethod 0x000000000f119710
Event: 3.891 Thread 0x0000000007b59800 flushing nmethod 0x000000000f11b390
Event: 3.891 Thread 0x0000000007b59800 flushing nmethod 0x000000000f11b6d0
Event: 4.428 Executing VM operation: EnableBiasedLocking
Event: 4.428 Executing VM operation: EnableBiasedLocking done


Dynamic libraries:
0x000000013f9f0000 - 0x000000013fa27000 	C:\Program Files\Java\jdk1.8.0_65\bin\java.exe
0x0000000077070000 - 0x0000000077219000 	C:\Windows\SYSTEM32\ntdll.dll
0x0000000076e50000 - 0x0000000076f6f000 	C:\Windows\system32\kernel32.dll
0x000007fefd130000 - 0x000007fefd19c000 	C:\Windows\system32\KERNELBASE.dll
0x000007fefd6f0000 - 0x000007fefd7cb000 	C:\Windows\system32\ADVAPI32.dll
0x000007fefd5f0000 - 0x000007fefd68f000 	C:\Windows\system32\msvcrt.dll
0x000007fefe0d0000 - 0x000007fefe0ef000 	C:\Windows\SYSTEM32\sechost.dll
0x000007fefdce0000 - 0x000007fefde0d000 	C:\Windows\system32\RPCRT4.dll
0x0000000076f70000 - 0x000000007706a000 	C:\Windows\system32\USER32.dll
0x000007fefdf40000 - 0x000007fefdfa7000 	C:\Windows\system32\GDI32.dll
0x000007fefe200000 - 0x000007fefe20e000 	C:\Windows\system32\LPK.dll
0x000007feff030000 - 0x000007feff0f9000 	C:\Windows\system32\USP10.dll
0x000007fefc670000 - 0x000007fefc864000 	C:\Windows\WinSxS\amd64_microsoft.windows.common-controls_6595b64144ccf1df_6.0.7601.17514_none_fa396087175ac9ac\COMCTL32.dll
0x000007fefe050000 - 0x000007fefe0c1000 	C:\Windows\system32\SHLWAPI.dll
0x000007fefdcb0000 - 0x000007fefdcde000 	C:\Windows\system32\IMM32.DLL
0x000007fefe0f0000 - 0x000007fefe1f9000 	C:\Windows\system32\MSCTF.dll
0x000007fefcdd0000 - 0x000007fefce01000 	C:\Windows\system32\nvinitx.dll
0x000007fefcdc0000 - 0x000007fefcdcc000 	C:\Windows\system32\VERSION.dll
0x000000000f000000 - 0x000000000f006000 	C:\Program Files\NVIDIA Corporation\CoProcManager\detoured.dll
0x000007fef9a20000 - 0x000007fef9a51000 	C:\Program Files\NVIDIA Corporation\CoProcManager\nvd3d9wrapx.dll
0x000007feff1a0000 - 0x000007feff377000 	C:\Windows\system32\SETUPAPI.dll
0x000007fefced0000 - 0x000007fefcf06000 	C:\Windows\system32\CFGMGR32.dll
0x000007fefde60000 - 0x000007fefdf37000 	C:\Windows\system32\OLEAUT32.dll
0x000007fefdaa0000 - 0x000007fefdca3000 	C:\Windows\system32\ole32.dll
0x000007fefd0a0000 - 0x000007fefd0ba000 	C:\Windows\system32\DEVOBJ.dll
0x000007fef9970000 - 0x000007fef9992000 	C:\Program Files\NVIDIA Corporation\CoProcManager\nvdxgiwrapx.dll
0x0000000062f00000 - 0x0000000062fd2000 	C:\Program Files\Java\jdk1.8.0_65\jre\bin\msvcr100.dll
0x0000000051790000 - 0x0000000052019000 	C:\Program Files\Java\jdk1.8.0_65\jre\bin\server\jvm.dll
0x000007fef4b80000 - 0x000007fef4b89000 	C:\Windows\system32\WSOCK32.dll
0x000007fefde10000 - 0x000007fefde5d000 	C:\Windows\system32\WS2_32.dll
0x000007feff020000 - 0x000007feff028000 	C:\Windows\system32\NSI.dll
0x000007fef9ad0000 - 0x000007fef9b0b000 	C:\Windows\system32\WINMM.dll
0x0000000077230000 - 0x0000000077237000 	C:\Windows\system32\PSAPI.DLL
0x00000000706f0000 - 0x00000000706ff000 	C:\Program Files\Java\jdk1.8.0_65\jre\bin\verify.dll
0x000000006ac50000 - 0x000000006ac79000 	C:\Program Files\Java\jdk1.8.0_65\jre\bin\java.dll
0x000000006b640000 - 0x000000006b656000 	C:\Program Files\Java\jdk1.8.0_65\jre\bin\zip.dll
0x000007fefe290000 - 0x000007feff018000 	C:\Windows\system32\SHELL32.dll
0x000007fefcea0000 - 0x000007fefceaf000 	C:\Windows\system32\profapi.dll

VM Arguments:
jvm_args: -Xmx1024M -Dfile.encoding=windows-1251 -Duser.country=RU -Duser.language=ru -Duser.variant 
java_command: com.android.dx.command.Main --dex --num-threads=4 --output C:\Users\Alex\Desktop\ion-master\todo_list_project\app\build\intermediates\pre-dexed\debug\classes-f3a7403f977802ecca81e4aea3a221a9da43316b.jar C:\Users\Alex\Desktop\ion-master\todo_list_project\app\build\intermediates\exploded-aar\com.android.support\design\23.1.0\jars\classes.jar
java_class_path (initial): C:\Users\Alex\AppData\Local\Android\sdk\build-tools\23.0.2\lib\dx.jar
Launcher Type: SUN_STANDARD

Environment Variables:
PATH=C:\ProgramData\Oracle\Java\javapath;C:\Program Files (x86)\Intel\iCLS Client\;C:\Program Files\Intel\iCLS Client\;C:\Windows\system32;C:\Windows;C:\Windows\System32\Wbem;C:\Windows\System32\WindowsPowerShell\v1.0\;C:\Program Files\Intel\Intel(R) Management Engine Components\DAL;C:\Program Files\Intel\Intel(R) Management Engine Components\IPT;C:\Program Files (x86)\Intel\Intel(R) Management Engine Components\DAL;C:\Program Files (x86)\Intel\Intel(R) Management Engine Components\IPT;C:\Program Files (x86)\Microsoft SQL Server\100\Tools\Binn\;C:\Program Files\Microsoft SQL Server\100\Tools\Binn\;C:\Program Files\Microsoft SQL Server\100\DTS\Binn\;C:\Program Files\TortoiseSVN\bin;C:\Program Files (x86)\NVIDIA Corporation\PhysX\Common;C:\Windows\system32\config\systemprofile\.dnx\bin;C:\Program Files\Microsoft DNX\Dnvm\;C:\Program Files\Microsoft SQL Server\120\Tools\Binn\;C:\Program Files (x86)\Windows Kits\10\Windows Performance Toolkit\;C:\RailsInstaller\Ruby1.9.3\bin;C:\RailsInstaller\Ruby1.9.3\lib\ruby\gems\1.9.1\bin;C:\Program Files (x86)\git\cmd;C:\Program Files (x86)\Heroku\bin;C:\Program Files (x86)\nodejs\;C:\Program Files (x86)\Skype\Phone\;C:\RailsInstaller\Git\cmd;C:\RailsInstaller\Ruby2.1.0\bin;c:\jruby-9.0.0.0\bin;D:\jruby-9.0.0.0\bin;C:\Users\Alex\AppData\Roaming\npm;C:\Users\Alex\AppData\Local\atom\bin
USERNAME=Alex
OS=Windows_NT
PROCESSOR_IDENTIFIER=Intel64 Family 6 Model 60 Stepping 3, GenuineIntel



---------------  S Y S T E M  ---------------

OS: Windows 7 , 64 bit Build 7601 (6.1.7601.18409)

CPU:total 4 (2 cores per cpu, 2 threads per core) family 6 model 60 stepping 3, cmov, cx8, fxsr, mmx, sse, sse2, sse3, ssse3, sse4.1, sse4.2, popcnt, avx, avx2, aes, clmul, erms, lzcnt, ht, tsc, tscinvbit, bmi1, bmi2

Memory: 4k page, physical 8305384k(1079652k free), swap 9876384k(3092k free)

vm_info: Java HotSpot(TM) 64-Bit Server VM (25.65-b01) for windows-amd64 JRE (1.8.0_65-b17), built on Oct  6 2015 16:39:20 by "java_re" with MS VC++ 10.0 (VS2010)

time: Thu Nov 05 11:21:39 2015
elapsed time: 7 seconds (0d 0h 0m 7s)

